<?xml version="1.0" encoding="UTF-8"?>
<testng-results skipped="0" failed="0" ignored="0" total="4" passed="4">
  <reporter-output>
  </reporter-output>
  <suite name="search-module" duration-ms="20864" started-at="2019-06-17T22:41:23Z" finished-at="2019-06-17T22:41:44Z">
    <groups>
    </groups>
    <test name="search-test-java" duration-ms="7639" started-at="2019-06-17T22:41:23Z" finished-at="2019-06-17T22:41:31Z">
      <class name="com.searchmodule.tests.SearchTest">
        <test-method status="PASS" signature="setupDriver(org.testng.ITestContext)[pri:0, instance:com.searchmodule.tests.SearchTest@2a18f23c]" name="setupDriver" is-config="true" duration-ms="4211" started-at="2019-06-17T22:41:23Z" finished-at="2019-06-17T22:41:28Z">
          <params>
            <param index="0">
              <value>
                <![CDATA[org.testng.TestRunner@44d52de2]]>
              </value>
            </param>
          </params>
          <reporter-output>
          </reporter-output>
        </test-method> <!-- setupDriver -->
        <test-method status="PASS" signature="search(java.lang.String)[pri:0, instance:com.searchmodule.tests.SearchTest@2a18f23c]" name="search" duration-ms="3323" started-at="2019-06-17T22:41:28Z" finished-at="2019-06-17T22:41:31Z">
          <params>
            <param index="0">
              <value>
                <![CDATA[java]]>
              </value>
            </param>
          </params>
          <reporter-output>
          </reporter-output>
        </test-method> <!-- search -->
        <test-method status="PASS" signature="quitBrowser()[pri:0, instance:com.searchmodule.tests.SearchTest@2a18f23c]" name="quitBrowser" is-config="true" duration-ms="75" started-at="2019-06-17T22:41:31Z" finished-at="2019-06-17T22:41:31Z">
          <reporter-output>
          </reporter-output>
        </test-method> <!-- quitBrowser -->
      </class> <!-- com.searchmodule.tests.SearchTest -->
    </test> <!-- search-test-java -->
    <test name="search-test-webdriver" duration-ms="4348" started-at="2019-06-17T22:41:31Z" finished-at="2019-06-17T22:41:36Z">
      <class name="com.searchmodule.tests.SearchTest">
        <test-method status="PASS" signature="setupDriver(org.testng.ITestContext)[pri:0, instance:com.searchmodule.tests.SearchTest@129a8472]" name="setupDriver" is-config="true" duration-ms="1273" started-at="2019-06-17T22:41:31Z" finished-at="2019-06-17T22:41:32Z">
          <params>
            <param index="0">
              <value>
                <![CDATA[org.testng.TestRunner@95e33cc]]>
              </value>
            </param>
          </params>
          <reporter-output>
          </reporter-output>
        </test-method> <!-- setupDriver -->
        <test-method status="PASS" signature="search(java.lang.String)[pri:0, instance:com.searchmodule.tests.SearchTest@129a8472]" name="search" duration-ms="2998" started-at="2019-06-17T22:41:32Z" finished-at="2019-06-17T22:41:35Z">
          <params>
            <param index="0">
              <value>
                <![CDATA[webdriver]]>
              </value>
            </param>
          </params>
          <reporter-output>
          </reporter-output>
        </test-method> <!-- search -->
        <test-method status="PASS" signature="quitBrowser()[pri:0, instance:com.searchmodule.tests.SearchTest@129a8472]" name="quitBrowser" is-config="true" duration-ms="76" started-at="2019-06-17T22:41:35Z" finished-at="2019-06-17T22:41:36Z">
          <reporter-output>
          </reporter-output>
        </test-method> <!-- quitBrowser -->
      </class> <!-- com.searchmodule.tests.SearchTest -->
    </test> <!-- search-test-webdriver -->
    <test name="search-test-docker" duration-ms="4354" started-at="2019-06-17T22:41:36Z" finished-at="2019-06-17T22:41:40Z">
      <class name="com.searchmodule.tests.SearchTest">
        <test-method status="PASS" signature="setupDriver(org.testng.ITestContext)[pri:0, instance:com.searchmodule.tests.SearchTest@2752f6e2]" name="setupDriver" is-config="true" duration-ms="1029" started-at="2019-06-17T22:41:36Z" finished-at="2019-06-17T22:41:37Z">
          <params>
            <param index="0">
              <value>
                <![CDATA[org.testng.TestRunner@38604b81]]>
              </value>
            </param>
          </params>
          <reporter-output>
          </reporter-output>
        </test-method> <!-- setupDriver -->
        <test-method status="PASS" signature="search(java.lang.String)[pri:0, instance:com.searchmodule.tests.SearchTest@2752f6e2]" name="search" duration-ms="3259" started-at="2019-06-17T22:41:37Z" finished-at="2019-06-17T22:41:40Z">
          <params>
            <param index="0">
              <value>
                <![CDATA[docker]]>
              </value>
            </param>
          </params>
          <reporter-output>
          </reporter-output>
        </test-method> <!-- search -->
        <test-method status="PASS" signature="quitBrowser()[pri:0, instance:com.searchmodule.tests.SearchTest@2752f6e2]" name="quitBrowser" is-config="true" duration-ms="65" started-at="2019-06-17T22:41:40Z" finished-at="2019-06-17T22:41:40Z">
          <reporter-output>
          </reporter-output>
        </test-method> <!-- quitBrowser -->
      </class> <!-- com.searchmodule.tests.SearchTest -->
    </test> <!-- search-test-docker -->
    <test name="search-test-kubernetes" duration-ms="4438" started-at="2019-06-17T22:41:40Z" finished-at="2019-06-17T22:41:44Z">
      <class name="com.searchmodule.tests.SearchTest">
        <test-method status="PASS" signature="setupDriver(org.testng.ITestContext)[pri:0, instance:com.searchmodule.tests.SearchTest@1d251891]" name="setupDriver" is-config="true" duration-ms="829" started-at="2019-06-17T22:41:40Z" finished-at="2019-06-17T22:41:41Z">
          <params>
            <param index="0">
              <value>
                <![CDATA[org.testng.TestRunner@1e44b638]]>
              </value>
            </param>
          </params>
          <reporter-output>
          </reporter-output>
        </test-method> <!-- setupDriver -->
        <test-method status="PASS" signature="search(java.lang.String)[pri:0, instance:com.searchmodule.tests.SearchTest@1d251891]" name="search" duration-ms="3540" started-at="2019-06-17T22:41:41Z" finished-at="2019-06-17T22:41:44Z">
          <params>
            <param index="0">
              <value>
                <![CDATA[kubernetes]]>
              </value>
            </param>
          </params>
          <reporter-output>
          </reporter-output>
        </test-method> <!-- search -->
        <test-method status="PASS" signature="quitBrowser()[pri:0, instance:com.searchmodule.tests.SearchTest@1d251891]" name="quitBrowser" is-config="true" duration-ms="68" started-at="2019-06-17T22:41:44Z" finished-at="2019-06-17T22:41:44Z">
          <reporter-output>
          </reporter-output>
        </test-method> <!-- quitBrowser -->
      </class> <!-- com.searchmodule.tests.SearchTest -->
    </test> <!-- search-test-kubernetes -->
  </suite> <!-- search-module -->
</testng-results>
