<?xml version="1.0" encoding="UTF-8"?>
<testng-results skipped="0" failed="0" ignored="0" total="4" passed="4">
  <reporter-output>
  </reporter-output>
  <suite name="search-module" duration-ms="27402" started-at="2019-06-17T22:41:23Z" finished-at="2019-06-17T22:41:51Z">
    <groups>
    </groups>
    <test name="search-test-java" duration-ms="9395" started-at="2019-06-17T22:41:23Z" finished-at="2019-06-17T22:41:33Z">
      <class name="com.searchmodule.tests.SearchTest">
        <test-method status="PASS" signature="setupDriver(org.testng.ITestContext)[pri:0, instance:com.searchmodule.tests.SearchTest@2a18f23c]" name="setupDriver" is-config="true" duration-ms="5563" started-at="2019-06-17T22:41:23Z" finished-at="2019-06-17T22:41:29Z">
          <params>
            <param index="0">
              <value>
                <![CDATA[org.testng.TestRunner@64c63c79]]>
              </value>
            </param>
          </params>
          <reporter-output>
          </reporter-output>
        </test-method> <!-- setupDriver -->
        <test-method status="PASS" signature="search(java.lang.String)[pri:0, instance:com.searchmodule.tests.SearchTest@2a18f23c]" name="search" duration-ms="3120" started-at="2019-06-17T22:41:29Z" finished-at="2019-06-17T22:41:32Z">
          <params>
            <param index="0">
              <value>
                <![CDATA[java]]>
              </value>
            </param>
          </params>
          <reporter-output>
          </reporter-output>
        </test-method> <!-- search -->
        <test-method status="PASS" signature="quitBrowser()[pri:0, instance:com.searchmodule.tests.SearchTest@2a18f23c]" name="quitBrowser" is-config="true" duration-ms="685" started-at="2019-06-17T22:41:32Z" finished-at="2019-06-17T22:41:33Z">
          <reporter-output>
          </reporter-output>
        </test-method> <!-- quitBrowser -->
      </class> <!-- com.searchmodule.tests.SearchTest -->
    </test> <!-- search-test-java -->
    <test name="search-test-webdriver" duration-ms="6309" started-at="2019-06-17T22:41:33Z" finished-at="2019-06-17T22:41:39Z">
      <class name="com.searchmodule.tests.SearchTest">
        <test-method status="PASS" signature="setupDriver(org.testng.ITestContext)[pri:0, instance:com.searchmodule.tests.SearchTest@129a8472]" name="setupDriver" is-config="true" duration-ms="2551" started-at="2019-06-17T22:41:33Z" finished-at="2019-06-17T22:41:35Z">
          <params>
            <param index="0">
              <value>
                <![CDATA[org.testng.TestRunner@31c7528f]]>
              </value>
            </param>
          </params>
          <reporter-output>
          </reporter-output>
        </test-method> <!-- setupDriver -->
        <test-method status="PASS" signature="search(java.lang.String)[pri:0, instance:com.searchmodule.tests.SearchTest@129a8472]" name="search" duration-ms="3085" started-at="2019-06-17T22:41:35Z" finished-at="2019-06-17T22:41:39Z">
          <params>
            <param index="0">
              <value>
                <![CDATA[webdriver]]>
              </value>
            </param>
          </params>
          <reporter-output>
          </reporter-output>
        </test-method> <!-- search -->
        <test-method status="PASS" signature="quitBrowser()[pri:0, instance:com.searchmodule.tests.SearchTest@129a8472]" name="quitBrowser" is-config="true" duration-ms="673" started-at="2019-06-17T22:41:39Z" finished-at="2019-06-17T22:41:39Z">
          <reporter-output>
          </reporter-output>
        </test-method> <!-- quitBrowser -->
      </class> <!-- com.searchmodule.tests.SearchTest -->
    </test> <!-- search-test-webdriver -->
    <test name="search-test-docker" duration-ms="6329" started-at="2019-06-17T22:41:39Z" finished-at="2019-06-17T22:41:46Z">
      <class name="com.searchmodule.tests.SearchTest">
        <test-method status="PASS" signature="setupDriver(org.testng.ITestContext)[pri:0, instance:com.searchmodule.tests.SearchTest@2752f6e2]" name="setupDriver" is-config="true" duration-ms="2706" started-at="2019-06-17T22:41:39Z" finished-at="2019-06-17T22:41:42Z">
          <params>
            <param index="0">
              <value>
                <![CDATA[org.testng.TestRunner@2b76ff4e]]>
              </value>
            </param>
          </params>
          <reporter-output>
          </reporter-output>
        </test-method> <!-- setupDriver -->
        <test-method status="PASS" signature="search(java.lang.String)[pri:0, instance:com.searchmodule.tests.SearchTest@2752f6e2]" name="search" duration-ms="2951" started-at="2019-06-17T22:41:42Z" finished-at="2019-06-17T22:41:45Z">
          <params>
            <param index="0">
              <value>
                <![CDATA[docker]]>
              </value>
            </param>
          </params>
          <reporter-output>
          </reporter-output>
        </test-method> <!-- search -->
        <test-method status="PASS" signature="quitBrowser()[pri:0, instance:com.searchmodule.tests.SearchTest@2752f6e2]" name="quitBrowser" is-config="true" duration-ms="671" started-at="2019-06-17T22:41:45Z" finished-at="2019-06-17T22:41:46Z">
          <reporter-output>
          </reporter-output>
        </test-method> <!-- quitBrowser -->
      </class> <!-- com.searchmodule.tests.SearchTest -->
    </test> <!-- search-test-docker -->
    <test name="search-test-kubernetes" duration-ms="5287" started-at="2019-06-17T22:41:46Z" finished-at="2019-06-17T22:41:51Z">
      <class name="com.searchmodule.tests.SearchTest">
        <test-method status="PASS" signature="setupDriver(org.testng.ITestContext)[pri:0, instance:com.searchmodule.tests.SearchTest@1d251891]" name="setupDriver" is-config="true" duration-ms="2170" started-at="2019-06-17T22:41:46Z" finished-at="2019-06-17T22:41:48Z">
          <params>
            <param index="0">
              <value>
                <![CDATA[org.testng.TestRunner@7a1234bf]]>
              </value>
            </param>
          </params>
          <reporter-output>
          </reporter-output>
        </test-method> <!-- setupDriver -->
        <test-method status="PASS" signature="search(java.lang.String)[pri:0, instance:com.searchmodule.tests.SearchTest@1d251891]" name="search" duration-ms="2587" started-at="2019-06-17T22:41:48Z" finished-at="2019-06-17T22:41:50Z">
          <params>
            <param index="0">
              <value>
                <![CDATA[kubernetes]]>
              </value>
            </param>
          </params>
          <reporter-output>
          </reporter-output>
        </test-method> <!-- search -->
        <test-method status="PASS" signature="quitBrowser()[pri:0, instance:com.searchmodule.tests.SearchTest@1d251891]" name="quitBrowser" is-config="true" duration-ms="530" started-at="2019-06-17T22:41:50Z" finished-at="2019-06-17T22:41:51Z">
          <reporter-output>
          </reporter-output>
        </test-method> <!-- quitBrowser -->
      </class> <!-- com.searchmodule.tests.SearchTest -->
    </test> <!-- search-test-kubernetes -->
  </suite> <!-- search-module -->
</testng-results>
