<?xml version="1.0" encoding="UTF-8"?>
<testng-results skipped="0" failed="0" ignored="0" total="4" passed="4">
  <reporter-output>
  </reporter-output>
  <suite name="search-module" duration-ms="25397" started-at="2019-06-17T22:36:25Z" finished-at="2019-06-17T22:36:50Z">
    <groups>
    </groups>
    <test name="search-test-java" duration-ms="9477" started-at="2019-06-17T22:36:25Z" finished-at="2019-06-17T22:36:35Z">
      <class name="com.searchmodule.tests.SearchTest">
        <test-method status="PASS" signature="setupDriver(org.testng.ITestContext)[pri:0, instance:com.searchmodule.tests.SearchTest@2a18f23c]" name="setupDriver" is-config="true" duration-ms="4473" started-at="2019-06-17T22:36:25Z" finished-at="2019-06-17T22:36:30Z">
          <params>
            <param index="0">
              <value>
                <![CDATA[org.testng.TestRunner@5ce8d869]]>
              </value>
            </param>
          </params>
          <reporter-output>
          </reporter-output>
        </test-method> <!-- setupDriver -->
        <test-method status="PASS" signature="search(java.lang.String)[pri:0, instance:com.searchmodule.tests.SearchTest@2a18f23c]" name="search" duration-ms="4434" started-at="2019-06-17T22:36:30Z" finished-at="2019-06-17T22:36:34Z">
          <params>
            <param index="0">
              <value>
                <![CDATA[java]]>
              </value>
            </param>
          </params>
          <reporter-output>
          </reporter-output>
        </test-method> <!-- search -->
        <test-method status="PASS" signature="quitBrowser()[pri:0, instance:com.searchmodule.tests.SearchTest@2a18f23c]" name="quitBrowser" is-config="true" duration-ms="542" started-at="2019-06-17T22:36:34Z" finished-at="2019-06-17T22:36:35Z">
          <reporter-output>
          </reporter-output>
        </test-method> <!-- quitBrowser -->
      </class> <!-- com.searchmodule.tests.SearchTest -->
    </test> <!-- search-test-java -->
    <test name="search-test-webdriver" duration-ms="5182" started-at="2019-06-17T22:36:35Z" finished-at="2019-06-17T22:36:40Z">
      <class name="com.searchmodule.tests.SearchTest">
        <test-method status="PASS" signature="setupDriver(org.testng.ITestContext)[pri:0, instance:com.searchmodule.tests.SearchTest@129a8472]" name="setupDriver" is-config="true" duration-ms="1989" started-at="2019-06-17T22:36:35Z" finished-at="2019-06-17T22:36:37Z">
          <params>
            <param index="0">
              <value>
                <![CDATA[org.testng.TestRunner@27eedb64]]>
              </value>
            </param>
          </params>
          <reporter-output>
          </reporter-output>
        </test-method> <!-- setupDriver -->
        <test-method status="PASS" signature="search(java.lang.String)[pri:0, instance:com.searchmodule.tests.SearchTest@129a8472]" name="search" duration-ms="2547" started-at="2019-06-17T22:36:37Z" finished-at="2019-06-17T22:36:39Z">
          <params>
            <param index="0">
              <value>
                <![CDATA[webdriver]]>
              </value>
            </param>
          </params>
          <reporter-output>
          </reporter-output>
        </test-method> <!-- search -->
        <test-method status="PASS" signature="quitBrowser()[pri:0, instance:com.searchmodule.tests.SearchTest@129a8472]" name="quitBrowser" is-config="true" duration-ms="644" started-at="2019-06-17T22:36:39Z" finished-at="2019-06-17T22:36:40Z">
          <reporter-output>
          </reporter-output>
        </test-method> <!-- quitBrowser -->
      </class> <!-- com.searchmodule.tests.SearchTest -->
    </test> <!-- search-test-webdriver -->
    <test name="search-test-docker" duration-ms="5396" started-at="2019-06-17T22:36:40Z" finished-at="2019-06-17T22:36:45Z">
      <class name="com.searchmodule.tests.SearchTest">
        <test-method status="PASS" signature="setupDriver(org.testng.ITestContext)[pri:0, instance:com.searchmodule.tests.SearchTest@2752f6e2]" name="setupDriver" is-config="true" duration-ms="2085" started-at="2019-06-17T22:36:40Z" finished-at="2019-06-17T22:36:42Z">
          <params>
            <param index="0">
              <value>
                <![CDATA[org.testng.TestRunner@64c63c79]]>
              </value>
            </param>
          </params>
          <reporter-output>
          </reporter-output>
        </test-method> <!-- setupDriver -->
        <test-method status="PASS" signature="search(java.lang.String)[pri:0, instance:com.searchmodule.tests.SearchTest@2752f6e2]" name="search" duration-ms="2681" started-at="2019-06-17T22:36:42Z" finished-at="2019-06-17T22:36:45Z">
          <params>
            <param index="0">
              <value>
                <![CDATA[docker]]>
              </value>
            </param>
          </params>
          <reporter-output>
          </reporter-output>
        </test-method> <!-- search -->
        <test-method status="PASS" signature="quitBrowser()[pri:0, instance:com.searchmodule.tests.SearchTest@2752f6e2]" name="quitBrowser" is-config="true" duration-ms="629" started-at="2019-06-17T22:36:45Z" finished-at="2019-06-17T22:36:45Z">
          <reporter-output>
          </reporter-output>
        </test-method> <!-- quitBrowser -->
      </class> <!-- com.searchmodule.tests.SearchTest -->
    </test> <!-- search-test-docker -->
    <test name="search-test-kubernetes" duration-ms="5265" started-at="2019-06-17T22:36:45Z" finished-at="2019-06-17T22:36:50Z">
      <class name="com.searchmodule.tests.SearchTest">
        <test-method status="PASS" signature="setupDriver(org.testng.ITestContext)[pri:0, instance:com.searchmodule.tests.SearchTest@1d251891]" name="setupDriver" is-config="true" duration-ms="2077" started-at="2019-06-17T22:36:45Z" finished-at="2019-06-17T22:36:47Z">
          <params>
            <param index="0">
              <value>
                <![CDATA[org.testng.TestRunner@31c7528f]]>
              </value>
            </param>
          </params>
          <reporter-output>
          </reporter-output>
        </test-method> <!-- setupDriver -->
        <test-method status="PASS" signature="search(java.lang.String)[pri:0, instance:com.searchmodule.tests.SearchTest@1d251891]" name="search" duration-ms="2544" started-at="2019-06-17T22:36:47Z" finished-at="2019-06-17T22:36:50Z">
          <params>
            <param index="0">
              <value>
                <![CDATA[kubernetes]]>
              </value>
            </param>
          </params>
          <reporter-output>
          </reporter-output>
        </test-method> <!-- search -->
        <test-method status="PASS" signature="quitBrowser()[pri:0, instance:com.searchmodule.tests.SearchTest@1d251891]" name="quitBrowser" is-config="true" duration-ms="643" started-at="2019-06-17T22:36:50Z" finished-at="2019-06-17T22:36:50Z">
          <reporter-output>
          </reporter-output>
        </test-method> <!-- quitBrowser -->
      </class> <!-- com.searchmodule.tests.SearchTest -->
    </test> <!-- search-test-kubernetes -->
  </suite> <!-- search-module -->
</testng-results>
